c:\users\oktay\source\repos\oildiver_middlewarecommunicator\middlewarecommunicatorlibrary\orderstore\x64\debug\orderstore.pch
c:\users\oktay\source\repos\oildiver_middlewarecommunicator\x64\debug\orderstore.pdb
c:\users\oktay\source\repos\oildiver_middlewarecommunicator\x64\debug\orderstore.idb
c:\users\oktay\source\repos\oildiver_middlewarecommunicator\middlewarecommunicatorlibrary\orderstore\x64\debug\pch.obj
c:\users\oktay\source\repos\oildiver_middlewarecommunicator\middlewarecommunicatorlibrary\orderstore\x64\debug\orderdecoder.obj
c:\users\oktay\source\repos\oildiver_middlewarecommunicator\middlewarecommunicatorlibrary\orderstore\x64\debug\orderreception.obj
c:\users\oktay\source\repos\oildiver_middlewarecommunicator\middlewarecommunicatorlibrary\orderstore\x64\debug\orderstructurevalidator.obj
c:\users\oktay\source\repos\oildiver_middlewarecommunicator\middlewarecommunicatorlibrary\orderstore\x64\debug\orderstorage.obj
c:\users\oktay\source\repos\oildiver_middlewarecommunicator\x64\debug\orderstore.lib
c:\users\oktay\source\repos\oildiver_middlewarecommunicator\middlewarecommunicatorlibrary\orderstore\x64\debug\orderstore.res
c:\users\oktay\source\repos\oildiver_middlewarecommunicator\middlewarecommunicatorlibrary\orderstore\x64\debug\orderstore.tlog\cl.command.1.tlog
c:\users\oktay\source\repos\oildiver_middlewarecommunicator\middlewarecommunicatorlibrary\orderstore\x64\debug\orderstore.tlog\cl.items.tlog
c:\users\oktay\source\repos\oildiver_middlewarecommunicator\middlewarecommunicatorlibrary\orderstore\x64\debug\orderstore.tlog\cl.read.1.tlog
c:\users\oktay\source\repos\oildiver_middlewarecommunicator\middlewarecommunicatorlibrary\orderstore\x64\debug\orderstore.tlog\cl.write.1.tlog
c:\users\oktay\source\repos\oildiver_middlewarecommunicator\middlewarecommunicatorlibrary\orderstore\x64\debug\orderstore.tlog\lib-link-cvtres.read.1.tlog
c:\users\oktay\source\repos\oildiver_middlewarecommunicator\middlewarecommunicatorlibrary\orderstore\x64\debug\orderstore.tlog\lib-link-cvtres.write.1.tlog
c:\users\oktay\source\repos\oildiver_middlewarecommunicator\middlewarecommunicatorlibrary\orderstore\x64\debug\orderstore.tlog\lib.command.1.tlog
c:\users\oktay\source\repos\oildiver_middlewarecommunicator\middlewarecommunicatorlibrary\orderstore\x64\debug\orderstore.tlog\rc.command.1.tlog
c:\users\oktay\source\repos\oildiver_middlewarecommunicator\middlewarecommunicatorlibrary\orderstore\x64\debug\orderstore.tlog\rc.read.1.tlog
c:\users\oktay\source\repos\oildiver_middlewarecommunicator\middlewarecommunicatorlibrary\orderstore\x64\debug\orderstore.tlog\rc.write.1.tlog
