c:\users\oktay\source\repos\autonomousnavigator\autonomousnavigator\x64\debug\autonomousnavigator.pch
c:\users\oktay\source\repos\autonomousnavigator\x64\debug\autonomousnavigator.pdb
c:\users\oktay\source\repos\autonomousnavigator\x64\debug\autonomousnavigator.idb
c:\users\oktay\source\repos\autonomousnavigator\autonomousnavigator\x64\debug\pch.obj
c:\users\oktay\source\repos\autonomousnavigator\autonomousnavigator\x64\debug\navigatorsensorconstructor.obj
c:\users\oktay\source\repos\autonomousnavigator\autonomousnavigator\x64\debug\positionalstatemanager.obj
c:\users\oktay\source\repos\autonomousnavigator\autonomousnavigator\x64\debug\positionalstate.obj
c:\users\oktay\source\repos\autonomousnavigator\autonomousnavigator\x64\debug\autonomousnavigator_mainmanager.obj
c:\users\oktay\source\repos\autonomousnavigator\autonomousnavigator\x64\debug\navigatorstatemanager.obj
c:\users\oktay\source\repos\autonomousnavigator\autonomousnavigator\x64\debug\navigatorstatekeeper.obj
c:\users\oktay\source\repos\autonomousnavigator\autonomousnavigator\x64\debug\navigatorsettingsreader.obj
c:\users\oktay\source\repos\autonomousnavigator\autonomousnavigator\x64\debug\navigatorimu.obj
c:\users\oktay\source\repos\autonomousnavigator\autonomousnavigator\x64\debug\autonomousnavigatorglobals.obj
c:\users\oktay\source\repos\autonomousnavigator\autonomousnavigator\x64\debug\navigatorencoder.obj
c:\users\oktay\source\repos\autonomousnavigator\autonomousnavigator\x64\debug\navigatordatareader.obj
c:\users\oktay\source\repos\autonomousnavigator\autonomousnavigator\x64\debug\navigatordataparser.obj
c:\users\oktay\source\repos\autonomousnavigator\autonomousnavigator\x64\debug\navigatorconnectionmanager.obj
c:\users\oktay\source\repos\autonomousnavigator\autonomousnavigator\x64\debug\navigatorconnectionestablisher.obj
c:\users\oktay\source\repos\autonomousnavigator\autonomousnavigator\x64\debug\rotationplanner.obj
c:\users\oktay\source\repos\autonomousnavigator\autonomousnavigator\x64\debug\navigationsupervisor.obj
c:\users\oktay\source\repos\autonomousnavigator\autonomousnavigator\x64\debug\navigationmanager.obj
c:\users\oktay\source\repos\autonomousnavigator\x64\debug\autonomousnavigator.lib
c:\users\oktay\source\repos\autonomousnavigator\autonomousnavigator\x64\debug\connectionmanager.obj
c:\users\oktay\source\repos\autonomousnavigator\autonomousnavigator\x64\debug\encodercoordinator.obj
c:\users\oktay\source\repos\autonomousnavigator\autonomousnavigator\x64\debug\navigatorboundary.obj
c:\users\oktay\source\repos\autonomousnavigator\autonomousnavigator\x64\debug\navigatorglobals.obj
c:\users\oktay\source\repos\autonomousnavigator\autonomousnavigator\x64\debug\navigator_mainmanager.obj
c:\users\oktay\source\repos\autonomousnavigator\autonomousnavigator\x64\debug\oildiver_navigator.obj
c:\users\oktay\source\repos\autonomousnavigator\autonomousnavigator\x64\debug\oildiver_navigator.pch
c:\users\oktay\source\repos\autonomousnavigator\autonomousnavigator\x64\debug\autonomo.50f92b80.tlog\cl.command.1.tlog
c:\users\oktay\source\repos\autonomousnavigator\autonomousnavigator\x64\debug\autonomo.50f92b80.tlog\cl.items.tlog
c:\users\oktay\source\repos\autonomousnavigator\autonomousnavigator\x64\debug\autonomo.50f92b80.tlog\cl.read.1.tlog
c:\users\oktay\source\repos\autonomousnavigator\autonomousnavigator\x64\debug\autonomo.50f92b80.tlog\cl.write.1.tlog
c:\users\oktay\source\repos\autonomousnavigator\autonomousnavigator\x64\debug\autonomo.50f92b80.tlog\lib-link.read.1.tlog
c:\users\oktay\source\repos\autonomousnavigator\autonomousnavigator\x64\debug\autonomo.50f92b80.tlog\lib-link.write.1.tlog
c:\users\oktay\source\repos\autonomousnavigator\autonomousnavigator\x64\debug\autonomo.50f92b80.tlog\lib.command.1.tlog
