C:\Program Files\Microsoft Visual Studio\2022\Community\MSBuild\Microsoft\VC\v170\Microsoft.CppBuild.targets(531,5): warning MSB8028: Ara dizin (x64\Debug\) başka bir projeden (OilDiver_Navigator.vcxproj) paylaşılan dosyalar içeriyor. Bu, hatalı temizleme ve yeniden oluşturma davranışına neden olabilir.
  pch.cpp
  NavigationManager.cpp
  NavigationSupervisor.cpp
  RotationPlanner.cpp
  NavigatorConnectionEstablisher.cpp
  NavigatorConnectionManager.cpp
  NavigatorDataParser.cpp
  NavigatorDataReader.cpp
  NavigatorEncoder.cpp
  AutonomousNavigatorGlobals.cpp
  NavigatorImu.cpp
  NavigatorSettingsReader.cpp
  NavigatorStateKeeper.cpp
  NavigatorStateManager.cpp
  AutonomousNavigator_MainManager.cpp
  PositionalState.cpp
  PositionalStateManager.cpp
  NavigatorSensorConstructor.cpp
  Kod Üretiliyor...
  x64\Debug\pch.obj değiştiriliyor
  OilDiver_Navigator.vcxproj -> C:\Users\Oktay\source\repos\AutonomousNavigator\x64\Debug\AutonomousNavigator.lib
